mode: set
github.com/zentooo/logspan/pkg/logger/base_logger.go:19.33,25.2 1 1
github.com/zentooo/logspan/pkg/logger/base_logger.go:28.45,32.2 3 1
github.com/zentooo/logspan/pkg/logger/base_logger.go:35.47,39.2 3 1
github.com/zentooo/logspan/pkg/logger/base_logger.go:42.58,46.2 3 1
github.com/zentooo/logspan/pkg/logger/base_logger.go:49.55,51.2 1 1
github.com/zentooo/logspan/pkg/logger/base_logger.go:54.58,56.2 1 1
github.com/zentooo/logspan/pkg/logger/base_logger.go:59.44,63.2 3 1
github.com/zentooo/logspan/pkg/logger/base_logger.go:66.57,70.2 3 1
github.com/zentooo/logspan/pkg/logger/config.go:31.29,39.2 1 1
github.com/zentooo/logspan/pkg/logger/config.go:49.26,56.47 4 1
github.com/zentooo/logspan/pkg/logger/config.go:56.47,62.32 4 1
github.com/zentooo/logspan/pkg/logger/config.go:62.32,64.4 1 1
github.com/zentooo/logspan/pkg/logger/config.go:64.9,66.4 1 1
github.com/zentooo/logspan/pkg/logger/config.go:67.3,67.43 1 1
github.com/zentooo/logspan/pkg/logger/config.go:70.2,70.20 1 1
github.com/zentooo/logspan/pkg/logger/config.go:74.25,78.2 3 1
github.com/zentooo/logspan/pkg/logger/config.go:81.27,85.2 3 0
github.com/zentooo/logspan/pkg/logger/context.go:16.77,18.2 1 1
github.com/zentooo/logspan/pkg/logger/context.go:22.54,23.68 1 1
github.com/zentooo/logspan/pkg/logger/context.go:23.68,25.3 1 1
github.com/zentooo/logspan/pkg/logger/context.go:27.2,27.27 1 1
github.com/zentooo/logspan/pkg/logger/context.go:31.74,34.2 2 1
github.com/zentooo/logspan/pkg/logger/context.go:37.75,40.2 2 0
github.com/zentooo/logspan/pkg/logger/context.go:43.69,46.2 2 1
github.com/zentooo/logspan/pkg/logger/context.go:49.70,52.2 2 0
github.com/zentooo/logspan/pkg/logger/context.go:55.69,58.2 2 0
github.com/zentooo/logspan/pkg/logger/context.go:61.70,64.2 2 1
github.com/zentooo/logspan/pkg/logger/context.go:67.73,70.2 2 0
github.com/zentooo/logspan/pkg/logger/context.go:73.40,76.2 2 1
github.com/zentooo/logspan/pkg/logger/context_logger.go:21.40,36.2 5 1
github.com/zentooo/logspan/pkg/logger/context_logger.go:39.66,40.30 1 1
github.com/zentooo/logspan/pkg/logger/context_logger.go:40.30,42.3 1 1
github.com/zentooo/logspan/pkg/logger/context_logger.go:44.2,55.29 5 1
github.com/zentooo/logspan/pkg/logger/context_logger.go:55.29,60.27 2 1
github.com/zentooo/logspan/pkg/logger/context_logger.go:60.27,61.45 1 1
github.com/zentooo/logspan/pkg/logger/context_logger.go:61.45,62.47 1 1
github.com/zentooo/logspan/pkg/logger/context_logger.go:62.47,69.59 2 1
github.com/zentooo/logspan/pkg/logger/context_logger.go:69.59,71.12 2 1
github.com/zentooo/logspan/pkg/logger/context_logger.go:77.3,80.39 4 1
github.com/zentooo/logspan/pkg/logger/context_logger.go:84.2,84.68 1 1
github.com/zentooo/logspan/pkg/logger/context_logger.go:84.68,88.57 2 1
github.com/zentooo/logspan/pkg/logger/context_logger.go:88.57,90.4 1 1
github.com/zentooo/logspan/pkg/logger/context_logger.go:96.41,97.44 1 1
github.com/zentooo/logspan/pkg/logger/context_logger.go:97.44,99.3 1 1
github.com/zentooo/logspan/pkg/logger/context_logger.go:101.2,105.16 3 1
github.com/zentooo/logspan/pkg/logger/context_logger.go:105.16,109.3 2 0
github.com/zentooo/logspan/pkg/logger/context_logger.go:111.2,111.67 1 1
github.com/zentooo/logspan/pkg/logger/context_logger.go:111.67,116.3 1 0
github.com/zentooo/logspan/pkg/logger/context_logger.go:119.2,120.26 2 1
github.com/zentooo/logspan/pkg/logger/context_logger.go:124.33,128.2 3 1
github.com/zentooo/logspan/pkg/logger/context_logger.go:131.72,135.2 3 1
github.com/zentooo/logspan/pkg/logger/context_logger.go:138.73,141.27 3 1
github.com/zentooo/logspan/pkg/logger/context_logger.go:141.27,143.3 1 1
github.com/zentooo/logspan/pkg/logger/context_logger.go:147.68,149.2 1 1
github.com/zentooo/logspan/pkg/logger/context_logger.go:152.67,154.2 1 1
github.com/zentooo/logspan/pkg/logger/context_logger.go:157.67,159.2 1 1
github.com/zentooo/logspan/pkg/logger/context_logger.go:162.68,164.2 1 1
github.com/zentooo/logspan/pkg/logger/context_logger.go:167.71,169.2 1 1
github.com/zentooo/logspan/pkg/logger/direct_logger.go:15.38,21.2 3 1
github.com/zentooo/logspan/pkg/logger/direct_logger.go:24.81,25.30 1 1
github.com/zentooo/logspan/pkg/logger/direct_logger.go:25.30,27.3 1 1
github.com/zentooo/logspan/pkg/logger/direct_logger.go:29.2,33.21 3 1
github.com/zentooo/logspan/pkg/logger/direct_logger.go:33.21,35.3 1 1
github.com/zentooo/logspan/pkg/logger/direct_logger.go:37.2,46.29 4 1
github.com/zentooo/logspan/pkg/logger/direct_logger.go:46.29,52.3 4 1
github.com/zentooo/logspan/pkg/logger/direct_logger.go:55.2,55.68 1 1
github.com/zentooo/logspan/pkg/logger/direct_logger.go:55.68,58.17 2 1
github.com/zentooo/logspan/pkg/logger/direct_logger.go:58.17,61.4 2 0
github.com/zentooo/logspan/pkg/logger/direct_logger.go:63.3,63.68 1 1
github.com/zentooo/logspan/pkg/logger/direct_logger.go:63.68,68.4 1 0
github.com/zentooo/logspan/pkg/logger/direct_logger.go:73.67,75.2 1 1
github.com/zentooo/logspan/pkg/logger/direct_logger.go:78.66,80.2 1 1
github.com/zentooo/logspan/pkg/logger/direct_logger.go:83.66,85.2 1 1
github.com/zentooo/logspan/pkg/logger/direct_logger.go:88.67,90.2 1 1
github.com/zentooo/logspan/pkg/logger/direct_logger.go:93.70,95.2 1 1
github.com/zentooo/logspan/pkg/logger/entry.go:28.42,30.9 2 1
github.com/zentooo/logspan/pkg/logger/entry.go:30.9,32.3 1 0
github.com/zentooo/logspan/pkg/logger/entry.go:35.2,36.44 2 1
github.com/zentooo/logspan/pkg/logger/entry.go:36.44,38.3 1 1
github.com/zentooo/logspan/pkg/logger/entry.go:41.2,47.3 2 1
github.com/zentooo/logspan/pkg/logger/formatter_utils.go:10.51,12.25 2 1
github.com/zentooo/logspan/pkg/logger/formatter_utils.go:12.25,14.3 1 1
github.com/zentooo/logspan/pkg/logger/formatter_utils.go:15.2,15.37 1 1
github.com/zentooo/logspan/pkg/logger/formatter_utils.go:20.150,25.32 3 1
github.com/zentooo/logspan/pkg/logger/formatter_utils.go:25.32,28.3 2 1
github.com/zentooo/logspan/pkg/logger/formatter_utils.go:31.2,32.32 2 1
github.com/zentooo/logspan/pkg/logger/formatter_utils.go:32.32,41.3 1 1
github.com/zentooo/logspan/pkg/logger/formatter_utils.go:44.2,57.14 2 1
github.com/zentooo/logspan/pkg/logger/formatter_utils.go:57.14,60.3 1 1
github.com/zentooo/logspan/pkg/logger/formatter_utils.go:62.2,62.28 1 1
github.com/zentooo/logspan/pkg/logger/level.go:29.35,30.11 1 1
github.com/zentooo/logspan/pkg/logger/level.go:31.18,32.26 1 1
github.com/zentooo/logspan/pkg/logger/level.go:33.17,34.25 1 1
github.com/zentooo/logspan/pkg/logger/level.go:35.17,36.25 1 1
github.com/zentooo/logspan/pkg/logger/level.go:37.18,38.26 1 1
github.com/zentooo/logspan/pkg/logger/level.go:39.21,40.29 1 1
github.com/zentooo/logspan/pkg/logger/level.go:41.10,42.19 1 1
github.com/zentooo/logspan/pkg/logger/level.go:47.43,48.15 1 1
github.com/zentooo/logspan/pkg/logger/level.go:49.24,50.20 1 1
github.com/zentooo/logspan/pkg/logger/level.go:51.23,52.19 1 1
github.com/zentooo/logspan/pkg/logger/level.go:53.23,54.19 1 1
github.com/zentooo/logspan/pkg/logger/level.go:55.24,56.20 1 1
github.com/zentooo/logspan/pkg/logger/level.go:57.27,58.23 1 1
github.com/zentooo/logspan/pkg/logger/level.go:59.10,60.19 1 1
github.com/zentooo/logspan/pkg/logger/level.go:65.52,67.2 1 1
github.com/zentooo/logspan/pkg/logger/level.go:70.59,72.2 1 1
github.com/zentooo/logspan/pkg/logger/level.go:75.49,77.2 1 1
github.com/zentooo/logspan/pkg/logger/level.go:80.56,82.2 1 1
github.com/zentooo/logspan/pkg/logger/level.go:85.52,87.2 1 1
github.com/zentooo/logspan/pkg/logger/level.go:90.55,91.32 1 1
github.com/zentooo/logspan/pkg/logger/level.go:91.32,93.3 1 1
github.com/zentooo/logspan/pkg/logger/level.go:94.2,94.15 1 1
github.com/zentooo/logspan/pkg/logger/middleware.go:14.44,18.2 1 1
github.com/zentooo/logspan/pkg/logger/middleware.go:21.55,23.2 1 1
github.com/zentooo/logspan/pkg/logger/middleware.go:27.76,28.30 1 1
github.com/zentooo/logspan/pkg/logger/middleware.go:28.30,31.3 2 1
github.com/zentooo/logspan/pkg/logger/middleware.go:34.2,35.48 2 1
github.com/zentooo/logspan/pkg/logger/middleware.go:35.48,38.28 3 1
github.com/zentooo/logspan/pkg/logger/middleware.go:38.28,40.4 1 1
github.com/zentooo/logspan/pkg/logger/middleware.go:44.2,44.13 1 1
github.com/zentooo/logspan/pkg/logger/middleware.go:48.36,50.2 1 1
github.com/zentooo/logspan/pkg/logger/middleware.go:53.40,55.2 1 1
github.com/zentooo/logspan/pkg/logger/middleware_manager.go:15.30,16.27 1 1
github.com/zentooo/logspan/pkg/logger/middleware_manager.go:16.27,18.3 1 1
github.com/zentooo/logspan/pkg/logger/middleware_manager.go:23.43,28.2 4 1
github.com/zentooo/logspan/pkg/logger/middleware_manager.go:31.24,36.2 4 1
github.com/zentooo/logspan/pkg/logger/middleware_manager.go:39.31,44.2 4 1
github.com/zentooo/logspan/pkg/logger/middleware_manager.go:47.74,52.2 4 1
github.com/zentooo/logspan/pkg/logger/password_masking_middleware.go:22.64,38.2 1 1
github.com/zentooo/logspan/pkg/logger/password_masking_middleware.go:41.100,44.2 2 1
github.com/zentooo/logspan/pkg/logger/password_masking_middleware.go:47.98,50.2 2 1
github.com/zentooo/logspan/pkg/logger/password_masking_middleware.go:53.93,56.2 2 1
github.com/zentooo/logspan/pkg/logger/password_masking_middleware.go:59.109,62.2 2 1
github.com/zentooo/logspan/pkg/logger/password_masking_middleware.go:65.63,66.53 1 1
github.com/zentooo/logspan/pkg/logger/password_masking_middleware.go:66.53,72.3 2 1
github.com/zentooo/logspan/pkg/logger/password_masking_middleware.go:76.85,79.47 2 1
github.com/zentooo/logspan/pkg/logger/password_masking_middleware.go:79.47,80.75 1 1
github.com/zentooo/logspan/pkg/logger/password_masking_middleware.go:80.75,82.36 1 1
github.com/zentooo/logspan/pkg/logger/password_masking_middleware.go:82.36,84.24 2 1
github.com/zentooo/logspan/pkg/logger/password_masking_middleware.go:84.24,86.6 1 1
github.com/zentooo/logspan/pkg/logger/password_masking_middleware.go:87.10,87.43 1 1
github.com/zentooo/logspan/pkg/logger/password_masking_middleware.go:87.43,89.24 2 1
github.com/zentooo/logspan/pkg/logger/password_masking_middleware.go:89.24,92.72 2 1
github.com/zentooo/logspan/pkg/logger/password_masking_middleware.go:92.72,94.7 1 1
github.com/zentooo/logspan/pkg/logger/password_masking_middleware.go:95.6,95.45 1 1
github.com/zentooo/logspan/pkg/logger/password_masking_middleware.go:98.4,98.25 1 0
github.com/zentooo/logspan/pkg/logger/password_masking_middleware.go:102.2,102.15 1 1
github.com/zentooo/logspan/pkg/logger/password_masking_middleware.go:106.70,107.47 1 1
github.com/zentooo/logspan/pkg/logger/password_masking_middleware.go:107.47,108.42 1 1
github.com/zentooo/logspan/pkg/logger/password_masking_middleware.go:108.42,110.4 1 1
github.com/zentooo/logspan/pkg/logger/password_masking_middleware.go:112.2,112.14 1 1
