mode: atomic
github.com/zentooo/logspan/examples/direct_logger/main.go:10.13,53.2 27 0
github.com/zentooo/logspan/examples/http_middleware_example.go:12.13,21.75 2 0
github.com/zentooo/logspan/examples/http_middleware_example.go:21.75,42.3 8 0
github.com/zentooo/logspan/examples/http_middleware_example.go:45.2,50.82 4 0
github.com/zentooo/logspan/examples/http_middleware_example.go:50.82,65.3 8 0
github.com/zentooo/logspan/examples/http_middleware_example.go:66.2,70.80 3 0
github.com/zentooo/logspan/examples/http_middleware_example.go:70.80,83.3 7 0
github.com/zentooo/logspan/examples/http_middleware_example.go:84.2,99.73 6 0
github.com/zentooo/logspan/examples/http_middleware_example.go:99.73,102.3 2 0
github.com/zentooo/logspan/examples/http_middleware_example.go:105.2,112.58 7 0
github.com/zentooo/logspan/examples/http_middleware_example.go:112.58,114.3 1 0
github.com/zentooo/logspan/examples/context_flatten_formatter/main.go:10.13,51.16 6 0
github.com/zentooo/logspan/examples/context_flatten_formatter/main.go:51.16,54.3 2 0
github.com/zentooo/logspan/examples/context_flatten_formatter/main.go:55.2,61.16 5 0
github.com/zentooo/logspan/examples/context_flatten_formatter/main.go:61.16,64.3 2 0
github.com/zentooo/logspan/examples/context_flatten_formatter/main.go:65.2,91.16 5 0
github.com/zentooo/logspan/examples/context_flatten_formatter/main.go:91.16,94.3 2 0
github.com/zentooo/logspan/examples/context_flatten_formatter/main.go:95.2,117.16 5 0
github.com/zentooo/logspan/examples/context_flatten_formatter/main.go:117.16,120.3 2 0
github.com/zentooo/logspan/examples/context_flatten_formatter/main.go:121.2,121.30 1 0
github.com/zentooo/logspan/examples/context_logger/main.go:10.13,41.2 13 0
github.com/zentooo/logspan/examples/context_logger/main.go:43.42,56.2 7 0
github.com/zentooo/logspan/examples/context_logger/main.go:58.41,62.2 3 0
github.com/zentooo/logspan/examples/context_logger/main.go:64.39,69.2 4 0
github.com/zentooo/logspan/examples/context_logger/main.go:71.44,75.2 3 0
github.com/zentooo/logspan/examples/auto_flush/main.go:11.13,82.2 37 0
github.com/zentooo/logspan/pkg/formatter/context_flatten_formatter.go:16.60,20.2 1 5
github.com/zentooo/logspan/pkg/formatter/context_flatten_formatter.go:23.83,27.2 1 2
github.com/zentooo/logspan/pkg/formatter/context_flatten_formatter.go:30.77,35.41 2 5
github.com/zentooo/logspan/pkg/formatter/context_flatten_formatter.go:35.41,37.3 1 7
github.com/zentooo/logspan/pkg/formatter/context_flatten_formatter.go:41.2,41.45 1 5
github.com/zentooo/logspan/pkg/formatter/context_flatten_formatter.go:41.45,43.3 1 4
github.com/zentooo/logspan/pkg/formatter/context_flatten_formatter.go:44.2,44.48 1 5
github.com/zentooo/logspan/pkg/formatter/context_flatten_formatter.go:44.48,46.3 1 5
github.com/zentooo/logspan/pkg/formatter/context_flatten_formatter.go:49.2,49.20 1 5
github.com/zentooo/logspan/pkg/formatter/context_flatten_formatter.go:49.20,51.3 1 4
github.com/zentooo/logspan/pkg/formatter/context_flatten_formatter.go:52.2,52.52 1 1
github.com/zentooo/logspan/pkg/formatter/json_formatter.go:15.40,19.2 1 3
github.com/zentooo/logspan/pkg/formatter/json_formatter.go:22.63,26.2 1 1
github.com/zentooo/logspan/pkg/formatter/json_formatter.go:29.67,30.20 1 4
github.com/zentooo/logspan/pkg/formatter/json_formatter.go:30.20,32.3 1 3
github.com/zentooo/logspan/pkg/formatter/json_formatter.go:33.2,33.49 1 1
github.com/zentooo/logspan/pkg/http_middleware/middleware.go:12.56,13.71 1 2
github.com/zentooo/logspan/pkg/http_middleware/middleware.go:13.71,61.3 12 2
github.com/zentooo/logspan/pkg/http_middleware/middleware.go:71.49,74.2 2 2
github.com/zentooo/logspan/pkg/logger/config.go:31.29,39.2 1 3
github.com/zentooo/logspan/pkg/logger/config.go:49.26,56.47 4 6
github.com/zentooo/logspan/pkg/logger/config.go:56.47,62.32 4 6
github.com/zentooo/logspan/pkg/logger/config.go:62.32,64.4 1 0
github.com/zentooo/logspan/pkg/logger/config.go:64.9,66.4 1 6
github.com/zentooo/logspan/pkg/logger/config.go:67.3,67.43 1 6
github.com/zentooo/logspan/pkg/logger/config.go:70.2,70.20 1 6
github.com/zentooo/logspan/pkg/logger/config.go:74.25,78.2 3 25
github.com/zentooo/logspan/pkg/logger/config.go:81.27,85.2 3 0
github.com/zentooo/logspan/pkg/logger/context.go:16.77,18.2 1 2
github.com/zentooo/logspan/pkg/logger/context.go:22.54,23.68 1 6
github.com/zentooo/logspan/pkg/logger/context.go:23.68,25.3 1 5
github.com/zentooo/logspan/pkg/logger/context.go:27.2,27.27 1 1
github.com/zentooo/logspan/pkg/logger/context.go:31.74,34.2 2 1
github.com/zentooo/logspan/pkg/logger/context.go:37.75,40.2 2 0
github.com/zentooo/logspan/pkg/logger/context.go:43.69,46.2 2 1
github.com/zentooo/logspan/pkg/logger/context.go:49.70,52.2 2 0
github.com/zentooo/logspan/pkg/logger/context.go:55.69,58.2 2 0
github.com/zentooo/logspan/pkg/logger/context.go:61.70,64.2 2 1
github.com/zentooo/logspan/pkg/logger/context.go:67.73,70.2 2 0
github.com/zentooo/logspan/pkg/logger/context.go:73.40,76.2 2 1
github.com/zentooo/logspan/pkg/logger/context_logger.go:26.40,30.25 3 13
github.com/zentooo/logspan/pkg/logger/context_logger.go:30.25,32.3 1 0
github.com/zentooo/logspan/pkg/logger/context_logger.go:32.8,34.3 1 13
github.com/zentooo/logspan/pkg/logger/context_logger.go:36.2,44.3 1 13
github.com/zentooo/logspan/pkg/logger/context_logger.go:48.48,52.2 3 11
github.com/zentooo/logspan/pkg/logger/context_logger.go:55.50,59.2 3 2
github.com/zentooo/logspan/pkg/logger/context_logger.go:62.61,64.2 1 37
github.com/zentooo/logspan/pkg/logger/context_logger.go:67.66,68.30 1 37
github.com/zentooo/logspan/pkg/logger/context_logger.go:68.30,70.3 1 5
github.com/zentooo/logspan/pkg/logger/context_logger.go:72.2,82.68 4 32
github.com/zentooo/logspan/pkg/logger/context_logger.go:82.68,86.57 2 32
github.com/zentooo/logspan/pkg/logger/context_logger.go:86.57,88.4 1 3
github.com/zentooo/logspan/pkg/logger/context_logger.go:94.41,95.44 1 12
github.com/zentooo/logspan/pkg/logger/context_logger.go:95.44,97.3 1 2
github.com/zentooo/logspan/pkg/logger/context_logger.go:99.2,103.16 3 10
github.com/zentooo/logspan/pkg/logger/context_logger.go:103.16,107.3 2 0
github.com/zentooo/logspan/pkg/logger/context_logger.go:109.2,113.26 3 10
github.com/zentooo/logspan/pkg/logger/context_logger.go:117.33,121.2 3 9
github.com/zentooo/logspan/pkg/logger/context_logger.go:124.72,128.2 3 4
github.com/zentooo/logspan/pkg/logger/context_logger.go:131.73,134.27 3 1
github.com/zentooo/logspan/pkg/logger/context_logger.go:134.27,136.3 1 2
github.com/zentooo/logspan/pkg/logger/context_logger.go:140.61,144.2 3 0
github.com/zentooo/logspan/pkg/logger/context_logger.go:147.68,149.2 1 4
github.com/zentooo/logspan/pkg/logger/context_logger.go:152.67,154.2 1 24
github.com/zentooo/logspan/pkg/logger/context_logger.go:157.67,159.2 1 4
github.com/zentooo/logspan/pkg/logger/context_logger.go:162.68,164.2 1 4
github.com/zentooo/logspan/pkg/logger/context_logger.go:167.71,169.2 1 1
github.com/zentooo/logspan/pkg/logger/direct_logger.go:22.38,26.25 3 9
github.com/zentooo/logspan/pkg/logger/direct_logger.go:26.25,28.3 1 0
github.com/zentooo/logspan/pkg/logger/direct_logger.go:28.8,30.3 1 9
github.com/zentooo/logspan/pkg/logger/direct_logger.go:32.2,36.3 1 9
github.com/zentooo/logspan/pkg/logger/direct_logger.go:40.47,44.2 3 16
github.com/zentooo/logspan/pkg/logger/direct_logger.go:47.49,51.2 3 24
github.com/zentooo/logspan/pkg/logger/direct_logger.go:54.60,58.2 3 6
github.com/zentooo/logspan/pkg/logger/direct_logger.go:61.57,63.2 1 7
github.com/zentooo/logspan/pkg/logger/direct_logger.go:66.60,68.2 1 1028
github.com/zentooo/logspan/pkg/logger/direct_logger.go:71.80,72.30 1 1028
github.com/zentooo/logspan/pkg/logger/direct_logger.go:72.30,74.3 1 10
github.com/zentooo/logspan/pkg/logger/direct_logger.go:76.2,80.21 3 1018
github.com/zentooo/logspan/pkg/logger/direct_logger.go:80.21,82.3 1 1
github.com/zentooo/logspan/pkg/logger/direct_logger.go:84.2,92.68 3 1017
github.com/zentooo/logspan/pkg/logger/direct_logger.go:92.68,95.17 2 1017
github.com/zentooo/logspan/pkg/logger/direct_logger.go:95.17,98.4 2 0
github.com/zentooo/logspan/pkg/logger/direct_logger.go:100.3,100.42 1 1017
github.com/zentooo/logspan/pkg/logger/direct_logger.go:105.67,107.2 1 7
github.com/zentooo/logspan/pkg/logger/direct_logger.go:110.66,112.2 1 1011
github.com/zentooo/logspan/pkg/logger/direct_logger.go:115.66,117.2 1 4
github.com/zentooo/logspan/pkg/logger/direct_logger.go:120.67,122.2 1 4
github.com/zentooo/logspan/pkg/logger/direct_logger.go:125.70,127.2 1 2
github.com/zentooo/logspan/pkg/logger/level.go:20.35,21.11 1 1049
github.com/zentooo/logspan/pkg/logger/level.go:22.18,23.17 1 4
github.com/zentooo/logspan/pkg/logger/level.go:24.17,25.16 1 1030
github.com/zentooo/logspan/pkg/logger/level.go:26.17,27.16 1 6
github.com/zentooo/logspan/pkg/logger/level.go:28.18,29.17 1 6
github.com/zentooo/logspan/pkg/logger/level.go:30.21,31.20 1 3
github.com/zentooo/logspan/pkg/logger/level.go:32.10,33.19 1 0
github.com/zentooo/logspan/pkg/logger/level.go:38.43,39.15 1 7
github.com/zentooo/logspan/pkg/logger/level.go:40.15,41.20 1 1
github.com/zentooo/logspan/pkg/logger/level.go:42.14,43.19 1 1
github.com/zentooo/logspan/pkg/logger/level.go:44.14,45.19 1 1
github.com/zentooo/logspan/pkg/logger/level.go:46.15,47.20 1 1
github.com/zentooo/logspan/pkg/logger/level.go:48.18,49.23 1 1
github.com/zentooo/logspan/pkg/logger/level.go:50.10,51.19 1 2
github.com/zentooo/logspan/pkg/logger/logger.go:34.13,36.2 1 1
github.com/zentooo/logspan/pkg/logger/logger.go:40.43,44.2 3 4
github.com/zentooo/logspan/pkg/logger/logger.go:47.24,51.2 3 6
github.com/zentooo/logspan/pkg/logger/logger.go:54.31,58.2 3 4
github.com/zentooo/logspan/pkg/logger/logger.go:61.74,65.2 3 1050
github.com/zentooo/logspan/pkg/logger/logger.go:73.150,78.32 3 1027
github.com/zentooo/logspan/pkg/logger/logger.go:78.32,79.49 1 1048
github.com/zentooo/logspan/pkg/logger/logger.go:79.49,81.4 1 1030
github.com/zentooo/logspan/pkg/logger/logger.go:85.2,86.32 2 1027
github.com/zentooo/logspan/pkg/logger/logger.go:86.32,92.3 1 1048
github.com/zentooo/logspan/pkg/logger/logger.go:95.2,108.14 2 1027
github.com/zentooo/logspan/pkg/logger/logger.go:108.14,111.26 2 0
github.com/zentooo/logspan/pkg/logger/logger.go:111.26,113.4 1 0
github.com/zentooo/logspan/pkg/logger/logger.go:113.9,115.4 1 0
github.com/zentooo/logspan/pkg/logger/logger.go:118.2,118.28 1 1027
github.com/zentooo/logspan/pkg/logger/logger.go:122.51,131.2 2 1053
github.com/zentooo/logspan/pkg/logger/middleware.go:14.44,18.2 1 11
github.com/zentooo/logspan/pkg/logger/middleware.go:21.55,23.2 1 17
github.com/zentooo/logspan/pkg/logger/middleware.go:27.76,28.30 1 1056
github.com/zentooo/logspan/pkg/logger/middleware.go:28.30,31.3 2 1049
github.com/zentooo/logspan/pkg/logger/middleware.go:34.2,35.48 2 7
github.com/zentooo/logspan/pkg/logger/middleware.go:35.48,38.28 3 12
github.com/zentooo/logspan/pkg/logger/middleware.go:38.28,40.4 1 11
github.com/zentooo/logspan/pkg/logger/middleware.go:44.2,44.13 1 7
github.com/zentooo/logspan/pkg/logger/middleware.go:48.36,50.2 1 8
github.com/zentooo/logspan/pkg/logger/middleware.go:53.40,55.2 1 11
github.com/zentooo/logspan/pkg/logger/password_masking_middleware.go:22.64,38.2 1 10
github.com/zentooo/logspan/pkg/logger/password_masking_middleware.go:41.100,44.2 2 2
github.com/zentooo/logspan/pkg/logger/password_masking_middleware.go:47.98,50.2 2 1
github.com/zentooo/logspan/pkg/logger/password_masking_middleware.go:53.93,56.2 2 1
github.com/zentooo/logspan/pkg/logger/password_masking_middleware.go:59.109,62.2 2 1
github.com/zentooo/logspan/pkg/logger/password_masking_middleware.go:65.63,66.53 1 3
github.com/zentooo/logspan/pkg/logger/password_masking_middleware.go:66.53,72.3 2 3
github.com/zentooo/logspan/pkg/logger/password_masking_middleware.go:76.85,79.47 2 10
github.com/zentooo/logspan/pkg/logger/password_masking_middleware.go:79.47,80.75 1 20
github.com/zentooo/logspan/pkg/logger/password_masking_middleware.go:80.75,82.36 1 11
github.com/zentooo/logspan/pkg/logger/password_masking_middleware.go:82.36,84.24 2 9
github.com/zentooo/logspan/pkg/logger/password_masking_middleware.go:84.24,86.6 1 9
github.com/zentooo/logspan/pkg/logger/password_masking_middleware.go:87.10,87.43 1 2
github.com/zentooo/logspan/pkg/logger/password_masking_middleware.go:87.43,89.24 2 2
github.com/zentooo/logspan/pkg/logger/password_masking_middleware.go:89.24,92.72 2 2
github.com/zentooo/logspan/pkg/logger/password_masking_middleware.go:92.72,94.7 1 1
github.com/zentooo/logspan/pkg/logger/password_masking_middleware.go:95.6,95.45 1 1
github.com/zentooo/logspan/pkg/logger/password_masking_middleware.go:98.4,98.25 1 0
github.com/zentooo/logspan/pkg/logger/password_masking_middleware.go:102.2,102.15 1 10
github.com/zentooo/logspan/pkg/logger/password_masking_middleware.go:106.115,109.33 2 0
github.com/zentooo/logspan/pkg/logger/password_masking_middleware.go:109.33,110.29 1 0
github.com/zentooo/logspan/pkg/logger/password_masking_middleware.go:110.29,112.4 1 0
github.com/zentooo/logspan/pkg/logger/password_masking_middleware.go:112.9,114.29 1 0
github.com/zentooo/logspan/pkg/logger/password_masking_middleware.go:115.32,116.47 1 0
github.com/zentooo/logspan/pkg/logger/password_masking_middleware.go:117.37,118.51 1 0
github.com/zentooo/logspan/pkg/logger/password_masking_middleware.go:119.12,120.24 1 0
github.com/zentooo/logspan/pkg/logger/password_masking_middleware.go:125.2,125.15 1 0
github.com/zentooo/logspan/pkg/logger/password_masking_middleware.go:129.129,132.33 2 0
github.com/zentooo/logspan/pkg/logger/password_masking_middleware.go:132.33,134.38 2 0
github.com/zentooo/logspan/pkg/logger/password_masking_middleware.go:134.38,136.4 1 0
github.com/zentooo/logspan/pkg/logger/password_masking_middleware.go:136.9,138.29 1 0
github.com/zentooo/logspan/pkg/logger/password_masking_middleware.go:139.32,140.47 1 0
github.com/zentooo/logspan/pkg/logger/password_masking_middleware.go:141.37,142.51 1 0
github.com/zentooo/logspan/pkg/logger/password_masking_middleware.go:143.12,144.24 1 0
github.com/zentooo/logspan/pkg/logger/password_masking_middleware.go:149.2,149.15 1 0
github.com/zentooo/logspan/pkg/logger/password_masking_middleware.go:153.70,155.47 2 12
github.com/zentooo/logspan/pkg/logger/password_masking_middleware.go:155.47,156.47 1 93
github.com/zentooo/logspan/pkg/logger/password_masking_middleware.go:156.47,158.4 1 8
github.com/zentooo/logspan/pkg/logger/password_masking_middleware.go:160.2,160.14 1 4
